\BOOKMARK [0][-]{chapter*.2}{Introduction}{}% 1
\BOOKMARK [0][-]{chapter.1}{Vectors}{}% 2
\BOOKMARK [1][-]{section.1.1}{2023}{chapter.1}% 3
\BOOKMARK [2][-]{subsection.1.1.1}{10}{section.1.1}% 4
\BOOKMARK [2][-]{subsection.1.1.2}{10}{section.1.1}% 5
\BOOKMARK [2][-]{subsection.1.1.3}{12}{section.1.1}% 6
\BOOKMARK [1][-]{section.1.2}{2022}{chapter.1}% 7
\BOOKMARK [2][-]{subsection.1.2.1}{10}{section.1.2}% 8
\BOOKMARK [2][-]{subsection.1.2.2}{12}{section.1.2}% 9
\BOOKMARK [1][-]{section.1.3}{2021}{chapter.1}% 10
\BOOKMARK [2][-]{subsection.1.3.1}{10}{section.1.3}% 11
\BOOKMARK [2][-]{subsection.1.3.2}{12}{section.1.3}% 12
\BOOKMARK [0][-]{chapter.2}{Linear Forms}{}% 13
\BOOKMARK [1][-]{section.2.1}{2023}{chapter.2}% 14
\BOOKMARK [2][-]{subsection.2.1.1}{10}{section.2.1}% 15
\BOOKMARK [2][-]{subsection.2.1.2}{12}{section.2.1}% 16
\BOOKMARK [1][-]{section.2.2}{2022}{chapter.2}% 17
\BOOKMARK [1][-]{section.2.3}{2021}{chapter.2}% 18
\BOOKMARK [2][-]{subsection.2.3.1}{10}{section.2.3}% 19
\BOOKMARK [2][-]{subsection.2.3.2}{12}{section.2.3}% 20
\BOOKMARK [0][-]{chapter.3}{Circles}{}% 21
\BOOKMARK [1][-]{section.3.1}{2023}{chapter.3}% 22
\BOOKMARK [2][-]{subsection.3.1.1}{10}{section.3.1}% 23
\BOOKMARK [1][-]{section.3.2}{2022}{chapter.3}% 24
\BOOKMARK [1][-]{section.3.3}{2021}{chapter.3}% 25
\BOOKMARK [2][-]{subsection.3.3.1}{10}{section.3.3}% 26
\BOOKMARK [0][-]{chapter.4}{Intersection of Conics}{}% 27
\BOOKMARK [1][-]{section.4.1}{2022}{chapter.4}% 28
\BOOKMARK [1][-]{section.4.2}{2021}{chapter.4}% 29
\BOOKMARK [2][-]{subsection.4.2.1}{12}{section.4.2}% 30
\BOOKMARK [0][-]{chapter.5}{Probability}{}% 31
\BOOKMARK [1][-]{section.5.1}{2021}{chapter.5}% 32
\BOOKMARK [2][-]{subsection.5.1.1}{10}{section.5.1}% 33
\BOOKMARK [2][-]{subsection.5.1.2}{12}{section.5.1}% 34
\BOOKMARK [1][-]{section.5.2}{2023}{chapter.5}% 35
\BOOKMARK [2][-]{subsection.5.2.1}{10}{section.5.2}% 36
\BOOKMARK [2][-]{subsection.5.2.2}{12}{section.5.2}% 37
\BOOKMARK [1][-]{section.5.3}{2022}{chapter.5}% 38
\BOOKMARK [2][-]{subsection.5.3.1}{12}{section.5.3}% 39
\BOOKMARK [0][-]{chapter.6}{Construction}{}% 40
\BOOKMARK [1][-]{section.6.1}{2022}{chapter.6}% 41
\BOOKMARK [2][-]{subsection.6.1.1}{10}{section.6.1}% 42
\BOOKMARK [1][-]{section.6.2}{2021}{chapter.6}% 43
\BOOKMARK [2][-]{subsection.6.2.1}{10}{section.6.2}% 44
\BOOKMARK [0][-]{chapter.7}{Optimization}{}% 45
\BOOKMARK [1][-]{section.7.1}{2023}{chapter.7}% 46
\BOOKMARK [1][-]{section.7.2}{2021}{chapter.7}% 47
\BOOKMARK [2][-]{subsection.7.2.1}{12}{section.7.2}% 48
\BOOKMARK [0][-]{chapter.8}{Algebra}{}% 49
\BOOKMARK [1][-]{section.8.1}{2023}{chapter.8}% 50
\BOOKMARK [2][-]{subsection.8.1.1}{10}{section.8.1}% 51
\BOOKMARK [0][-]{chapter.9}{Geometry}{}% 52
\BOOKMARK [1][-]{section.9.1}{2023}{chapter.9}% 53
\BOOKMARK [2][-]{subsection.9.1.1}{10}{section.9.1}% 54
\BOOKMARK [0][-]{chapter.10}{Discrete}{}% 55
\BOOKMARK [1][-]{section.10.1}{2023}{chapter.10}% 56
\BOOKMARK [2][-]{subsection.10.1.1}{10}{section.10.1}% 57
\BOOKMARK [0][-]{chapter.11}{Differentiation}{}% 58
\BOOKMARK [1][-]{section.11.1}{2023}{chapter.11}% 59
\BOOKMARK [2][-]{subsection.11.1.1}{12}{section.11.1}% 60
\BOOKMARK [0][-]{chapter.12}{Integration}{}% 61
\BOOKMARK [1][-]{section.12.1}{2023}{chapter.12}% 62
\BOOKMARK [2][-]{subsection.12.1.1}{12}{section.12.1}% 63
\BOOKMARK [0][-]{chapter.13}{Functions}{}% 64
\BOOKMARK [1][-]{section.13.1}{2023}{chapter.13}% 65
\BOOKMARK [2][-]{subsection.13.1.1}{12}{section.13.1}% 66
\BOOKMARK [0][-]{chapter.14}{Matrices}{}% 67
\BOOKMARK [1][-]{section.14.1}{2023}{chapter.14}% 68
\BOOKMARK [2][-]{subsection.14.1.1}{10}{section.14.1}% 69
\BOOKMARK [2][-]{subsection.14.1.2}{12}{section.14.1}% 70
